<?xml version="1.0" encoding="UTF-8"?>
<!-- Generated by org.testng.reporters.JUnitReportReporter -->
<testsuite hostname="MAC-MacBook-Pro.local" failures="0" tests="2" name="pages.OrderPAge" time="3.727" errors="0" timestamp="09 Jul 2018 21:27:24 GMT" skipped="0">
  <testcase classname="pages.OrderPAge" name="login" time="1.498"/>
  <testcase classname="pages.OrderPAge" name="orderAProduct" time="2.229"/>
</testsuite> <!-- pages.OrderPAge -->
